demKare/app/build/intermediates/manifest_merge_blame_file/debug/manifest-merger-blame-debug-report.txt
1<?xml version="1.0" encoding="utf-8"?>
2<manifest xmlns:android="http://schemas.android.com/apk/res/android"
3    package="com.example.demKare"
4    android:versionCode="1"
5    android:versionName="1.0" >
6
7    <uses-sdk
8        android:minSdkVersion="17"
8-->src\main\AndroidManifest.xml
9        android:targetSdkVersion="29" />
9-->src\main\AndroidManifest.xml
10
11    <application
11-->src\main\AndroidManifest.xml:5:5-37:19
12        android:allowBackup="true"
12-->src\main\AndroidManifest.xml:6:9-35
13        android:appComponentFactory="androidx.core.app.CoreComponentFactory"
13-->[androidx.core:core:1.3.1] AndroidManifest.xml:24:18-86
14        android:debuggable="true"
15        android:icon="@mipmap/ic_launcher"
15-->src\main\AndroidManifest.xml:7:9-43
16        android:label="@string/app_name"
16-->src\main\AndroidManifest.xml:8:9-41
17        android:roundIcon="@mipmap/ic_launcher_round"
17-->src\main\AndroidManifest.xml:9:9-54
18        android:supportsRtl="true"
18-->src\main\AndroidManifest.xml:10:9-35
19        android:theme="@style/Theme.DemKare" >
19-->src\main\AndroidManifest.xml:11:9-45
20        <activity android:name="com.example.demKare.Contacts" />
20-->src\main\AndroidManifest.xml:12:9-55
20-->src\main\AndroidManifest.xml:12:19-43
21        <activity android:name="com.example.demKare.EditAccount" />
21-->src\main\AndroidManifest.xml:13:9-58
21-->src\main\AndroidManifest.xml:13:19-46
22        <activity android:name="com.example.demKare.EditContacts" />
22-->src\main\AndroidManifest.xml:14:9-59
22-->src\main\AndroidManifest.xml:14:19-47
23        <activity android:name="com.example.demKare.EditLikeListItem" />
23-->src\main\AndroidManifest.xml:15:9-63
23-->src\main\AndroidManifest.xml:15:19-51
24        <activity android:name="com.example.demKare.EditPatientList" />
24-->src\main\AndroidManifest.xml:16:9-62
24-->src\main\AndroidManifest.xml:16:19-50
25        <activity android:name="com.example.demKare.EditPeopleToRemember" />
25-->src\main\AndroidManifest.xml:17:9-67
25-->src\main\AndroidManifest.xml:17:19-55
26        <activity android:name="com.example.demKare.EditReminder" />
26-->src\main\AndroidManifest.xml:18:9-59
26-->src\main\AndroidManifest.xml:18:19-47
27        <activity android:name="com.example.demKare.EditThingsItem" />
27-->src\main\AndroidManifest.xml:19:9-61
27-->src\main\AndroidManifest.xml:19:19-49
28        <activity android:name="com.example.demKare.LikeList" />
28-->src\main\AndroidManifest.xml:20:9-55
28-->src\main\AndroidManifest.xml:20:19-43
29        <activity android:name="com.example.demKare.MainMenu" />
29-->src\main\AndroidManifest.xml:21:9-55
29-->src\main\AndroidManifest.xml:21:19-43
30        <activity android:name="com.example.demKare.PatientList" />
30-->src\main\AndroidManifest.xml:22:9-58
30-->src\main\AndroidManifest.xml:22:19-46
31        <activity android:name="com.example.demKare.PeopleToRemember" />
31-->src\main\AndroidManifest.xml:23:9-63
31-->src\main\AndroidManifest.xml:23:19-51
32        <activity android:name="com.example.demKare.ReadAboutDementia" />
32-->src\main\AndroidManifest.xml:24:9-64
32-->src\main\AndroidManifest.xml:24:19-52
33        <activity android:name="com.example.demKare.ReminderList" />
33-->src\main\AndroidManifest.xml:25:9-59
33-->src\main\AndroidManifest.xml:25:19-47
34        <activity android:name="com.example.demKare.Sign_up" />
34-->src\main\AndroidManifest.xml:26:9-54
34-->src\main\AndroidManifest.xml:26:19-42
35        <activity android:name="com.example.demKare.TestEvaluation" />
35-->src\main\AndroidManifest.xml:27:9-61
35-->src\main\AndroidManifest.xml:27:19-49
36        <activity android:name="com.example.demKare.ThingsList" />
36-->src\main\AndroidManifest.xml:28:9-57
36-->src\main\AndroidManifest.xml:28:19-45
37        <activity android:name="com.example.demKare.VideoInfo" />
37-->src\main\AndroidManifest.xml:29:9-56
37-->src\main\AndroidManifest.xml:29:19-44
38        <activity android:name="com.example.demKare.MainActivity" >
38-->src\main\AndroidManifest.xml:30:9-36:20
38-->src\main\AndroidManifest.xml:30:19-47
39            <intent-filter>
39-->src\main\AndroidManifest.xml:31:13-35:29
40                <action android:name="android.intent.action.MAIN" />
40-->src\main\AndroidManifest.xml:32:17-69
40-->src\main\AndroidManifest.xml:32:25-66
41
42                <category android:name="android.intent.category.LAUNCHER" />
42-->src\main\AndroidManifest.xml:34:17-77
42-->src\main\AndroidManifest.xml:34:27-74
43            </intent-filter>
44        </activity>
45    </application>
46
47</manifest>